<?xml version="1.0" encoding="UTF-8"?>
<testng-results ignored="0" total="2" passed="2" failed="0" skipped="0">
  <reporter-output>
  </reporter-output>
  <suite started-at="2020-02-28T10:59:07 IST" name="Suite" finished-at="2020-02-28T10:59:22 IST" duration-ms="14064">
    <groups>
    </groups>
    <test started-at="2020-02-28T10:59:07 IST" name="Test" finished-at="2020-02-28T10:59:22 IST" duration-ms="14064">
      <class name="NewTest">
        <test-method signature="f()[pri:0, instance:NewTest@282003e1]" started-at="2020-02-28T10:59:07 IST" name="f" finished-at="2020-02-28T10:59:22 IST" duration-ms="14039" status="PASS">
          <reporter-output>
          </reporter-output>
        </test-method> <!-- f -->
        <test-method signature="test1()[pri:0, instance:NewTest@282003e1]" started-at="2020-02-28T10:59:22 IST" name="test1" finished-at="2020-02-28T10:59:22 IST" duration-ms="0" status="PASS">
          <reporter-output>
          </reporter-output>
        </test-method> <!-- test1 -->
      </class> <!-- NewTest -->
    </test> <!-- Test -->
  </suite> <!-- Suite -->
</testng-results>
