<?xml version="1.0" encoding="UTF-8"?>
<testng-results ignored="0" total="2" passed="2" failed="0" skipped="0">
  <reporter-output>
  </reporter-output>
  <suite started-at="2020-02-28T10:29:48 IST" name="NewTest" finished-at="2020-02-28T10:29:57 IST" duration-ms="8389">
    <groups>
    </groups>
    <test started-at="2020-02-28T10:29:48 IST" name="Command line test" finished-at="2020-02-28T10:29:57 IST" duration-ms="8389">
      <class name="NewTest">
        <test-method signature="f()[pri:0, instance:NewTest@307f6b8c]" started-at="2020-02-28T10:29:48 IST" name="f" finished-at="2020-02-28T10:29:57 IST" duration-ms="8360" status="PASS">
          <reporter-output>
          </reporter-output>
        </test-method> <!-- f -->
        <test-method signature="test1()[pri:0, instance:NewTest@307f6b8c]" started-at="2020-02-28T10:29:57 IST" name="test1" finished-at="2020-02-28T10:29:57 IST" duration-ms="1" status="PASS">
          <reporter-output>
          </reporter-output>
        </test-method> <!-- test1 -->
      </class> <!-- NewTest -->
    </test> <!-- Command line test -->
  </suite> <!-- NewTest -->
</testng-results>
