-------------------------------------------------------------------------------
Test set: TestSuite
-------------------------------------------------------------------------------
Tests run: 2, Failures: 1, Errors: 0, Skipped: 0, Time elapsed: 0.424 s <<< FAILURE! - in TestSuite
NewTest.f  Time elapsed: 0.079 s  <<< FAILURE!
java.lang.IllegalStateException: The driver executable does not exist: /Users/k/Downloads/chromedriver
	at NewTest.f(NewTest.java:9)

